         w __deregister_frame_info
         w __register_frame_info
         w __syscall_lock_close_recursive
         w userAppExit
         w userAppInit
00000000 b _TLS_MODULE_BASE_
00000000 00000802 B __ctru_dev_utf16_buf
00000000 a shift
00000000 a shift
00000804 00000401 B __ctru_dev_path_buf
00100000 A __start__
00100000 T _start
00100008 T __service_ptr
0010000c T __apt_appid
00100010 T __heap_size
00100014 T __linear_heap_size
00100018 T __system_arglist
0010001c T __system_runflags
00100020 t startup
00100058 t ClearMem
0010006c t ClrLoop
00100094 T _init
001000ac T __aeabi_idiv
001000ac 00000220 T __divsi3
001000b4 t .divsi3_skip_div0_test
001002cc 00000020 T __aeabi_idivmod
001002ec 00000004 W __aeabi_idiv0
001002ec 00000004 W __aeabi_ldiv0
001002f0 T __aeabi_uldivmod
00100348 00000390 T strcmp
001006d0 t .udivsi3_skip_div0_test
001006d0 T __aeabi_uidiv
001006d0 000001ec T __udivsi3
001008bc 00000020 T __aeabi_uidivmod
001008dc T __aeabi_drsub
001008e4 000002b0 T __aeabi_dsub
001008e4 000002b0 T __subdf3
001008e8 000002ac T __adddf3
001008e8 000002ac T __aeabi_dadd
00100b94 00000024 T __aeabi_ui2d
00100b94 00000024 T __floatunsidf
00100bb8 00000028 T __aeabi_i2d
00100bb8 00000028 T __floatsidf
00100be0 00000048 T __aeabi_f2d
00100be0 00000048 T __extendsfdf2
00100c28 00000074 T __aeabi_ul2d
00100c28 00000074 T __floatundidf
00100c3c 00000060 T __aeabi_l2d
00100c3c 00000060 T __floatdidf
00100c9c t __do_global_dtors_aux
00100cdc t frame_dummy
00100d08 000000a4 T main
00100dac 000001e8 t parseColor
00100f94 00000018 T consoleSelect
00100fac 000001ac T consoleDrawChar
00101158 00000124 T consolePrintChar
0010127c 00000b94 T con_write
00101e10 000000fc t newRow
00101f0c 00000168 T consoleInit
00102074 000000d0 t gfxPresentFramebuffer
00102144 0000001c T gfxIsWide
00102160 000000ec T gfxSetScreenFormat
0010224c 00000010 T gfxSetDoubleBuffering
0010225c 000000e0 T gfxInit
0010233c 00000010 T gfxInitDefault
0010234c 000000b4 T gfxExit
00102400 000000a0 T gfxGetFramebuffer
001024a0 00000104 T gfxFlushBuffers
001025a4 00000050 T gfxSwapBuffers
001025f4 00000050 T gfxSwapBuffersGpu
00102644 00000c58 t gspHardwareInit
0010329c 00000248 T gspInit
001034e4 000000f0 T gspExit
001035d4 00000010 T gspHasGpuRight
001035e4 000000a0 T gspPresentBuffer
00103684 00000044 T gspWaitForEvent
001036c8 00000004 W gxCmdQueueInterrupt
001036cc 00000158 t gspEventThreadMain
00103824 00000050 T GSPGPU_FlushDataCache
00103874 00000034 T GSPGPU_SetLcdForceBlack
001038a8 00000068 T GSPGPU_AcquireRight
00103910 00000048 T GSPGPU_ReleaseRight
00103958 0000007c T GSPGPU_ImportDisplayCaptureInfo
001039d4 0000002c T GSPGPU_SaveVramSysArea
00103a00 0000002c T GSPGPU_RestoreVramSysArea
00103a2c 000001a4 t aptConvertScreenForCapture
00103bd0 00000008 W aptDspSleep
00103bd8 00000004 W aptDspWakeup
00103bdc 00000004 W aptDspCancel
00103be0 00000158 T aptSendCommand
00103d38 00000044 t aptExitProcess
00103d7c 000002f4 T aptExit
00104070 000000e0 T aptHandleSleep
00104150 00000084 T APT_SleepIfShellClosed
001041d4 00000084 T aptSetSleepAllowed
00104258 00000084 T APT_UnlockTransition
001042e0 000004a4 t aptEventHandler
00104784 000000b0 T APT_ReceiveParameter
00104834 000000b0 t aptReceiveParameter.constprop.0
001048e8 000002ac t aptScreenTransfer
00104b94 00000344 t aptWaitForWakeUp.isra.0
00104ed8 00000100 T aptJumpToHomeMenu
00104fd8 00000048 T aptMainLoop
00105020 0000022c T aptInit
0010524c 0000007c T APT_CheckNew3DS
001052c8 00000024 W hidShouldUseIrrst
001052ec 0000018c T hidInit
00105478 000000e8 T hidExit
00105560 000002a4 T hidScanInput
00105804 00000010 T hidKeysDown
00105814 00000038 W __libctru_init
0010584c 00000170 W __system_initArgv
001059bc T svcControlMemory
001059dc T svcQueryMemory
00105a0c T svcExitProcess
00105a14 T svcCreateThread
00105a34 T svcExitThread
00105a3c T svcSleepThread
00105a44 T svcReleaseMutex
00105a4c T svcCreateEvent
00105a60 T svcSignalEvent
00105a68 T svcClearEvent
00105a70 T svcMapMemoryBlock
00105a78 T svcUnmapMemoryBlock
00105a80 T svcCreateAddressArbiter
00105a94 T svcArbitrateAddressNoTimeout
00105a9c T svcCloseHandle
00105aa4 T svcWaitSynchronization
00105aac T svcWaitSynchronizationN
00105ad4 T svcDuplicateHandle
00105ae8 T svcConnectToPort
00105afc T svcSendSyncRequest
00105b04 T svcGetResourceLimit
00105b18 T svcGetResourceLimitLimitValues
00105b20 T svcGetResourceLimitCurrentValues
00105b28 T svcBreak
00105b30 W initSystem
00105b80 W __ctru_exit
00105b98 00000024 t addrMapNodeComparator(rbtree_node const*, rbtree_node const*)
00105bbc 00000004 t addrMapNodeDestructor(rbtree_node*)
00105bc0 00000250 T vramMemAlignAt
00105e10 0000000c T vramAlloc
00105e1c 00000090 T vramFree
00105eac 00000024 t addrMapNodeComparator(rbtree_node const*, rbtree_node const*)
00105ed0 00000004 t addrMapNodeDestructor(rbtree_node*)
00105ed4 00000120 T linearMemAlign
00105ff4 00000008 T linearAlloc
00105ffc 0000005c T linearFree
00106058 00000080 T MemPool::CoalesceRight(MemBlock*)
001060d8 0000016c T MemPool::Allocate(MemChunk&, unsigned long, int)
00106244 000000fc T MemPool::Deallocate(MemChunk const&)
00106340 00000030 T MemPool::GetFreeSpace()
00106370 0000000c T __sync_init
0010637c 00000018 T __sync_fini
00106394 0000002c T syncArbitrateAddress
001063c0 000000b0 T LightLock_Lock
00106470 00000040 T LightLock_Unlock
001064b0 00000024 T RecursiveLock_Init
001064d4 00000030 T RecursiveLock_Lock
00106504 00000054 T RecursiveLock_Unlock
00106558 00000040 T LightEvent_Init
00106598 000000a4 T LightEvent_Clear
0010663c 000000c8 T LightEvent_Signal
00106704 00000050 T LightEvent_TryWait
00106754 000000b0 T LightEvent_Wait
00106804 00000034 T __ctru_speedup_config
00106838 00000130 T srvInit
00106968 00000058 T srvExit
001069c0 000000a0 T srvGetServiceHandleDirect
00106a60 00000038 T srvGetServiceHandle
00106a98 00000038 T srvPublishToSubscriber
00106ad0 00000178 T threadCreate
00106c48 0000002c T threadFree
00106c74 00000024 T threadJoin
00106c98 00000030 T threadGetCurrent
00106cc8 00000040 T threadExit
00106d08 00000020 t _thread_begin
00106d28 000000b4 t mappableFindAddressWithin
00106ddc 00000028 T mappableInit
00106e04 00000080 T mappableAlloc
00106e84 00000004 T mappableFree
00106e88 00000164 T irrstInit
00106fec 000000cc T irrstExit
001070b8 000000b4 T irrstScanInput
0010716c 00000024 T irrstKeysHeld
00107190 0000000c T srvPmGetSessionHandle
0010719c 00000074 T ptmSysmInit
00107210 0000003c T ptmSysmExit
0010724c 00000034 T PTMSYSM_ConfigureNew3DSCPU
00107280 00000010 T rbtree_init
00107290 000001b4 t do_insert
00107444 00000008 T rbtree_insert
0010744c 00000090 T rbtree_rotate
001074dc 00000318 T rbtree_remove
001077f4 00000074 T rbtree_find
00107868 00000030 W __appInit
00107898 00000030 T __syscall_getreent
001078c8 00000004 T __syscall_lock_acquire
001078cc 00000004 T __syscall_lock_release
001078d0 00000004 T __syscall_lock_init_recursive
001078d4 00000004 T __syscall_lock_acquire_recursive
001078d8 00000004 T __syscall_lock_release_recursive
001078dc 00000004 T __syscall_exit
001078e0 00000050 T initThreadVars
00107930 00000068 T __system_initSyscalls
00107998 000001e0 W __system_allocateHeaps
00107b78 00000030 W __appExit
00107ba8 00000090 W __libctru_exit
00107c38 00000084 W envGetHandle
00107cbc 00000050 W envDestroyHandles
00107d0c 00000014 t archive_link
00107d20 00000014 t archive_dirreset
00107d34 00000014 t archive_chmod
00107d48 00000024 t error_cmp
00107d6c 00000050 t archive_translate_error
00107dbc 000000c8 t archive_seek
00107e84 0000007c t _archiveInit.part.0
00107f00 000000c4 t archiveFindDevice.part.0
00107fc4 0000025c t archive_utf16path
00108220 000000a0 t _archiveUnmountDeviceStruct.part.0
001082c0 00000014 t archive_fchmod
001082d4 00000014 t archive_statvfs
001082e8 00000164 t _archiveMountDevice
0010844c 000000e8 t archive_diropen
00108534 000000a4 t archive_fstat
001085d8 0000006c t archive_close
00108644 0000006c t archive_fsync
001086b0 00000070 t archive_dirclose
00108720 000000e8 t sdmc_statvfs
00108808 000000ec t archive_chdir
001088f4 0000007c t archive_ftruncate
00108970 000000ac t archive_read
00108a1c 000000a4 t archive_unlink
00108ac0 000000bc t archive_rmdir
00108b7c 000000dc t archive_mkdir
00108c58 0000019c t archive_stat
00108df4 0000015c t archive_dirnext
00108f50 000000ec t archive_write
0010903c 000001d4 t archive_open
00109210 00000278 t archive_rename
00109488 0000019c T archiveMountSdmc
00109624 00000054 T archiveUnmountAll
00109678 000000cc T fsInit
00109744 0000003c T fsExit
00109780 00000060 T fsExemptFromSession
001097e0 00000050 T fsUnexemptFromSession
00109830 000000cc T FSUSER_OpenFile
001098fc 000000bc T FSUSER_DeleteFile
001099b8 000000f8 T FSUSER_RenameFile
00109ab0 000000bc T FSUSER_DeleteDirectory
00109b6c 000000d4 T FSUSER_CreateFile
00109c40 000000c4 T FSUSER_CreateDirectory
00109d04 000000f8 T FSUSER_RenameDirectory
00109dfc 000000b4 T FSUSER_OpenDirectory
00109eb0 00000098 T FSUSER_OpenArchive
00109f48 0000008c T FSUSER_CloseArchive
00109fd4 00000074 T FSUSER_GetSdmcArchiveResource
0010a048 00000064 T FSUSER_IsSdmcWritable
0010a0ac 00000058 T FSFILE_Read
0010a104 00000060 T FSFILE_Write
0010a164 0000003c T FSFILE_GetSize
0010a1a0 00000028 T FSFILE_SetSize
0010a1c8 0000003c T FSFILE_Close
0010a204 00000024 T FSFILE_Flush
0010a228 00000050 T FSDIR_Read
0010a278 0000003c T FSDIR_Close
0010a2b4 0000005c T rbtree_node_next
0010a310 000000e8 T utf16_to_utf8
0010a3f8 00000064 T decode_utf16
0010a45c 0000013c T decode_utf8
0010a598 000000c0 T utf8_to_utf16
0010a658 T __aeabi_read_tp
0010a664 00000054 T encode_utf16
0010a6b8 000000e0 T encode_utf8
0010a798 00000120 T __udivmoddi4
0010a8b8 00000078 T bsearch
0010a930 0000000c T __errno
0010a93c 00000034 T exit
0010a970 00000234 T __sflush_r
0010aba4 00000094 T _fflush_r
0010ac38 0000000c T _cleanup_r
0010ac44 00000184 T __sinit
0010adc8 0000000c T __sfp_lock_acquire
0010add4 0000000c T __sfp_lock_release
0010ade0 0000003c T __libc_fini_array
0010ae1c 000000f8 T _malloc_trim_r
0010af14 000002e8 T _free_r
0010b1fc 00000070 T _fwalk_reent
0010b26c 00000084 T __libc_init_array
0010b2f0 00000020 T memalign
0010b310 0000014c T _memalign_r
0010b45c 00000018 T malloc
0010b474 00000018 T free
0010b48c 000007e4 T _malloc_r
0010bc70 000000e4 T memchr
0010bd54 00000118 T memcpy
0010be6c 000000f4 T memset
0010bf60 0000000c T __malloc_lock
0010bf6c 0000000c T __malloc_unlock
0010bf78 00000034 T printf
0010bfac 0000025c T setvbuf
0010c208 00000074 T sscanf
0010c27c 00000044 T __sread
0010c2c0 00000008 T __seofread
0010c2c8 00000068 T __swrite
0010c330 00000044 T __sseek
0010c374 00000008 T __sclose
0010c37c 0000005c T strlen
0010c3d8 000000e4 T strncat
0010c4bc 000000e4 T strncmp
0010c5a0 000000c4 T strncpy
0010c664 00000048 T strnlen
0010c6ac 000001c4 t _strtoul_l.constprop.0
0010c870 00000004 T _strtoul_r
0010c874 00000028 T strtoul
0010c89c 00000050 t get_arg
0010c8ec 00002c38 T __ssvfscanf_r
0010f524 0000066c t get_arg
0010fb90 0000339c T _vfprintf_r
00112f2c 000000d0 t __sbprintf
00112ffc 00000054 T _wcrtomb_r
00113050 00000028 T _wcsrtombs_r
00113078 0000013c T __swsetup_r
001131b4 00000114 T __call_exitprocs
001132c8 000001b0 t quorem
00113478 000011f8 T _dtoa_r
00114670 0000015c T _fclose_r
001147cc 00000008 T iswspace
001147d4 0000000c T _localeconv_r
001147e0 00000010 T __locale_mb_cur_max
001147f0 00000138 T __smakebuf_r
00114928 0000008c T __swhatbuf_r
001149b4 00000068 T _mbrtowc_r
00114a1c 000002f8 T __utf8_mbtowc
00114d14 00000088 T _Balloc
00114d9c 0000001c T _Bfree
00114db8 000000f4 T __multadd
00114eac 00000110 T __s2b
00114fbc 00000060 T __hi0bits
0011501c 0000009c T __lo0bits
001150b8 000000a8 T __i2b
00115160 00000204 T __multiply
00115364 00000124 T __pow5mult
00115488 00000140 T __lshift
001155c8 00000058 T __mcmp
00115620 000001ec T __mdiff
0011580c 00000068 T __ulp
00115874 000000d0 T __b2d
00115944 00000120 T __d2b
00115a64 00000078 T __ratio
00115adc 00000088 T __copybits
00115b64 0000005c T __any_on
00115bc0 00000020 T realloc
00115be0 000004a0 T _realloc_r
00116080 000000f4 T __sccl
00116174 0000000c T nanf
00116180 00000088 T frexp
00116208 00000064 T sprintf
0011626c 000000cc T stpncpy
00116338 00000130 T strchr
00116468 00000064 t sulp
001164d0 000013a8 T _strtod_l
00117878 0000000c T _strtod_r
00117884 0000022c t _strtoll_l.constprop.0
00117ab0 00000004 T _strtoll_r
00117ab4 000001a4 t _strtol_l.part.0
00117c58 0000003c T _strtol_r
00117c94 00000244 t _strtoull_l.constprop.0
00117ed8 00000004 T _strtoull_r
00117edc 00000188 T __ssprint_r
00118064 000000d4 T _sungetc_r
00118138 0000006c T __ssrefill_r
001181a4 000000c4 T _sfread_r
00118268 0000066c t get_arg
001188d8 00003334 T _svfprintf_r
0011bc0c 000000a8 T __submore
0011bcb4 0000066c t get_arg
0011c320 00000030 T __sprint_r
0011c350 000022ec T _vfiprintf_r
0011e63c 000000d0 t __sbprintf
0011e70c 00000188 T _wcsnrtombs_l
0011e894 0000004c T _wcsnrtombs_r
0011e8e0 000000f0 T __utf8_wctomb
0011e9d0 0000005c T __assert_func
0011ea2c 000000c0 T _calloc_r
0011eaec 0000003c T fiprintf
0011eb28 000004b4 T __sfvwrite_r
0011efdc 000000f0 t rshift
0011f0cc 00000814 T __gethex
0011f8e0 0000004c T __match
0011f92c 0000029c T __hexnan
0011fbc8 0000003c T iswspace_l
0011fc04 000001d8 t __jp2uc
0011fddc 0000009c T _jp2uc_l
0011fe78 00000150 T memmove
0011ffc8 00000010 T nan
0011ffd8 00000014 T abort
0011ffec 0000008c T category
00120078 00000090 T _raise_r
00120108 00000018 T raise
00120120 00000008 t null_write
00120128 00000018 T setDefaultDevice
00120140 000000c8 T FindDevice
00120208 00000028 T RemoveDevice
00120230 0000009c T AddDevice
001202cc 00000020 T GetDeviceOpTab
001202ec 00000078 T _fstat_r
00120364 00000014 T _getpid_r
00120378 00000008 T _isatty_r
00120380 00000014 T _kill_r
00120394 00000084 T _lseek_r
00120418 00000080 T _read_r
00120498 00000078 T _sbrk_r
00120510 00000080 T _write_r
00120590 00000020 T _exit
001205b0 000001a4 T _concatenate_path
00120754 00000140 T chdir
00120894 00000008 T __flockfile
0012089c 00000008 T __funlockfile
001208a4 0000003c T __get_handle
001208e0 000000f4 T _close_r
001209d4 0000002c T __getreent
00120a00 0000001c T __libc_lock_acquire
00120a1c 0000001c T __libc_lock_release
00120a38 0000001c T __libc_lock_init_recursive
00120a54 0000001c T __libc_lock_acquire_recursive
00120a70 0000001c T __libc_lock_release_recursive
00120a8c 0000001c T __libc_lock_close_recursive
00120aa8 00000038 T __aeabi_d2lz
00120aa8 00000038 T __fixdfdi
00120ae0 00000040 T __aeabi_d2ulz
00120ae0 00000040 T __fixunsdfdi
00120b20 00000048 T strrchr
00120b68 T _fini
00121110 00000070 r dotab_stdout
00121180 00000018 r grayScale
00121198 00000006 r colorCube
001211a0 00000030 r colorTable
001211f4 00000008 r morton_y.2
001211fc 00000008 r morton_x.3
00121204 00000008 r s_sleepWakeEvents.4
00121230 R default_font_bin
00121a30 R default_font_bin_end
00121a60 00000030 r error_table
00121a98 00000070 r archive_devoptab
00121b10 00000004 R _global_impure_ptr
00121b1c 00000022 r basefix.0
00121b7c 00000010 r zeroes.0
00121b8c 00000010 r blanks.1
00121b9c 00000101 R _ctype_
00121cb0 r .LC2
00121da0 0000000c r p05.0
00121db0 00000028 R __mprec_bigtens
00121dd8 000000c8 R __mprec_tens
00121eb0 00000014 r fpinan.0
00121ec4 00000014 r fpi.1
00121ed8 00000028 r tinytens
00121f00 0000006c R __action_table
00121f6c 0000006c R __state_table
00121fd8 00000100 R __chclass
001220d8 00000010 r zeroes.0
001220e8 00000010 r blanks.1
001220f8 00000010 r zeroes.0
00122108 00000010 r blanks.1
001221a8 00000100 R __hexdig
001222bc 00001a7c r d02f4
00123d38 0000172a r b02cf
00125464 00000040 r a8
001254a4 000000a2 r a7
00125548 00000070 r a6
001255b8 0000005b r a3
00125614 000000bc r a2
001256d0 000000bc r a1
0012578c 00003528 r categories
00128cb4 00000070 R dotab_stdnull
00128d24 R __tdata_align
00128d28 r 
00128d28 R __exidx_end
00128d28 R __exidx_start
00129000 00000001 d firstConsoleInit.0
00129004 00000004 D currentConsole
00129008 00000048 D defaultConsole
00129050 00000004 d kCount
00129054 00000004 d kInterval
00129058 00000004 d kDelay
0012905c W __stacksize__
00129060 00000004 D _impure_ptr
00129068 00000460 d impure_data
001294c8 00000004 D __malloc_sbrk_base
001294cc 00000004 D __malloc_trim_threshold
001294d0 00000408 D __malloc_av_
001298d8 0000016c D __global_locale
00129a44 0000008c D devoptab_list
00129ad0 00000004 d defaultDevice
00129ad4 00000400 d _current_working_directory
00129ed4 00001000 d handles
0012aed4 0000000c d __stderr_handle
0012aee0 0000000c d __stdout_handle
0012aeec 0000000c d __stdin_handle
0012af00 d _GLOBAL_OFFSET_TABLE_
0012af0c d __frame_dummy_init_array_entry
0012af0c D __init_array_start
0012af0c B __preinit_array_end
0012af0c B __preinit_array_start
0012af0c D __tdata_lma
0012af0c D __tdata_lma_end
0012af10 d __do_global_dtors_aux_fini_array_entry
0012af10 D __fini_array_start
0012af10 D __init_array_end
0012af14 D __bss_start__
0012af14 D __fini_array_end
0012af14 b completed.1
0012af18 b object.0
0012af30 00000048 B currentCopy
0012af78 00000004 b screenAlloc
0012af7c 00000004 b screenFree
0012af80 00000002 b gfxIsDoubleBuf
0012af84 00000002 b gfxCurBuf
0012af86 00000001 b gfxIsVram
0012af87 00000001 b gfxTopMode
0012af88 00000002 b gfxFramebufferFormats
0012af8c 00000004 b gfxBottomFramebufferMaxSize
0012af90 00000004 b gfxTopFramebufferMaxSize
0012af98 00000008 b gfxBottomFramebuffers
0012afa0 00000008 b gfxTopFramebuffers
0012afa8 00000007 b gspEventCbOneShot
0012afb0 0000001c b gspEventCbData
0012afcc 0000001c b gspEventCb
0012afe8 00000038 b gspEvents
0012b020 00000004 b gspLastEvent
0012b024 00000001 b gspRunEvents
0012b028 00000004 b gspEventThread
0012b02c 00000004 b gspEvent
0012b030 00000001 b gspGpuRight
0012b031 00000001 b gspThreadId
0012b034 00000004 b gspSharedMem
0012b038 00000004 b gspSharedMemHandle
0012b03c 00000004 b gspRefCount
0012b040 00000004 b gspGpuHandle
0012b044 00000001 b flagValue.0
0012b045 00000001 b flagInit.1
0012b048 00000004 b serviceName.6
0012b04c 00000001 b aptChainloadMediatype
0012b050 00000008 b aptChainloadTid
0012b058 00000001 b aptChainloadFlags
0012b05c 00001000 b aptParameters
0012c05c 00000004 b aptFlags
0012c060 00000001 b aptHomeButtonState
0012c064 00000004 b aptMessageFuncData
0012c068 00000004 b aptMessageFunc
0012c06c 0000000c b aptFirstHook
0012c078 00000001 b aptEventHandlerThreadQuit
0012c07c 00000004 b aptEventHandlerThread
0012c080 00000008 b aptSleepEvent
0012c088 00000008 b aptReceiveEvent
0012c090 00000008 b aptEvents
0012c098 00000004 b aptLockHandle
0012c09c 00000004 b aptRefCount
0012c0a0 00000001 b usingIrrst
0012c0a4 00000004 b hidRefCount
0012c0a8 00000006 b gRate
0012c0b0 00000006 b aVec
0012c0b8 00000004 b cPos
0012c0bc 00000004 b tPos
0012c0c0 00000004 b kRepeat
0012c0c4 00000004 b kUp
0012c0c8 00000004 b kDown
0012c0cc 00000004 b kHeld
0012c0d0 00000004 b kOld
0012c0d4 00000004 B hidSharedMem
0012c0d8 00000014 B hidEvents
0012c0ec 00000004 B hidMemHandle
0012c0f0 00000004 B hidHandle
0012c0f4 00000004 B __system_retAddr
0012c0f8 00000004 B __system_argv
0012c0fc 00000004 B __system_argc
0012c100 b saved_stack
0012c108 00000008 b sVramPoolB
0012c110 00000008 b sVramPoolA
0012c118 0000000c b sAddrMap
0012c128 00000008 b sLinearPool
0012c130 0000000c b sAddrMap
0012c13c 00000004 b arbiter
0012c140 00000001 V __ctru_speedup
0012c144 00000004 B __3dslink_host
0012c148 00000004 b srvRefCount
0012c14c 00000004 b srvHandle
0012c150 00000004 b currentAddr
0012c154 00000004 b maxAddr
0012c158 00000004 b minAddr
0012c15c 00000004 b irrstRefCount
0012c160 00000004 b csPos
0012c164 00000004 b kHeld
0012c168 00000004 B irrstSharedMem
0012c16c 00000004 B irrstEvent
0012c170 00000004 B irrstMemHandle
0012c174 00000004 B irrstHandle
0012c178 00000004 b srvPmHandle
0012c17c 00000004 b ptmSysmRefCount
0012c180 00000004 b ptmSysmHandle
0012c184 00000004 V __ctru_linear_heap_size
0012c188 00000004 V __ctru_heap_size
0012c18c 00000004 B __ctru_linear_heap
0012c190 00000004 B __ctru_heap
0012c198 00000540 b archive_devices
0012c6d8 00000004 b archive_device_cwd
0012c6dc 00000001 b archive_initialized
0012c6e0 00000080 b fsExemptArchives
0012c760 00000004 b fsuRefCount
0012c764 00000004 b fsuHandle
0012c768 0000000c b __sinit_recursive_mutex
0012c774 0000000c b __sfp_recursive_mutex
0012c780 00000028 B __malloc_current_mallinfo
0012c7a8 00000004 B __malloc_max_total_mem
0012c7ac 00000004 B __malloc_max_sbrked_mem
0012c7b0 00000004 B __malloc_top_pad
0012c7b4 0000000c b __malloc_recursive_mutex
0012c7c0 0000000c B __atexit_recursive_mutex
0012c7cc 00000004 b heap_start.0
0012c7d0 00000004 B fake_heap_start
0012c7d4 00000004 B fake_heap_end
0012c7d8 00000400 b temp_cwd
0012cbd8 00000004 b __hndl_lock
0012cbdc B __tls_start
0012d7e4 B __bss_end__
0012d7e4 A __end__
0012d7e4 B __tls_end
